<?xml version="1.0" encoding="UTF-8"?>
<!-- Generated by org.testng.reporters.JUnitReportReporter -->
<testsuite hostname="LAPTOP-IJEB1SRB" name="RTPL.mavenjenkinstest.Exp" tests="1" failures="0" timestamp="25 Jan 2018 21:22:34 GMT" time="9.714" errors="0">
  <testcase name="testgooglrsearch" time="9.714" classname="RTPL.mavenjenkinstest.Exp"/>
</testsuite> <!-- RTPL.mavenjenkinstest.Exp -->
